<?xml version="1.0" encoding="UTF-8" ?>
<testsuite failures="0" time="0.066" errors="0" skipped="0" tests="1" name="org.yroffin.rocksmith.core.SimpleTest">
  <properties>
    <property name="java.runtime.name" value="Java(TM) SE Runtime Environment"/>
    <property name="sun.boot.library.path" value="U:\tools\com\jdk\jdk1.7.0\jre\bin"/>
    <property name="java.vm.version" value="21.0-b17"/>
    <property name="java.vm.vendor" value="Oracle Corporation"/>
    <property name="java.vendor.url" value="http://java.oracle.com/"/>
    <property name="path.separator" value=";"/>
    <property name="guice.disable.misplaced.annotation.check" value="true"/>
    <property name="java.vm.name" value="Java HotSpot(TM) 64-Bit Server VM"/>
    <property name="file.encoding.pkg" value="sun.io"/>
    <property name="user.script" value=""/>
    <property name="user.country" value="FR"/>
    <property name="sun.java.launcher" value="SUN_STANDARD"/>
    <property name="sun.os.patch.level" value="Service Pack 1"/>
    <property name="java.vm.specification.name" value="Java Virtual Machine Specification"/>
    <property name="user.dir" value="C:\Users\Yannick\git\rocksmith-tools\rocksmith-tools"/>
    <property name="java.runtime.version" value="1.7.0-b147"/>
    <property name="java.awt.graphicsenv" value="sun.awt.Win32GraphicsEnvironment"/>
    <property name="java.endorsed.dirs" value="U:\tools\com\jdk\jdk1.7.0\jre\lib\endorsed"/>
    <property name="os.arch" value="amd64"/>
    <property name="java.io.tmpdir" value="C:\Users\Yannick\AppData\Local\Temp\"/>
    <property name="line.separator" value="
"/>
    <property name="java.vm.specification.vendor" value="Oracle Corporation"/>
    <property name="user.variant" value=""/>
    <property name="os.name" value="Windows 7"/>
    <property name="classworlds.conf" value="C:\Users\Yannick\juno-SR2\workspace_bob\.metadata\.plugins\org.eclipse.m2e.core\launches\m2conf7710329241737787541.tmp"/>
    <property name="sun.jnu.encoding" value="Cp1252"/>
    <property name="java.library.path" value="U:\tools\com\jdk\jdk1.7.0\bin;C:\Windows\Sun\Java\bin;C:\Windows\system32;C:\Windows;U:/tools/com/jdk/jdk1.7.0/bin/../jre/bin/server;U:/tools/com/jdk/jdk1.7.0/bin/../jre/bin;U:/tools/com/jdk/jdk1.7.0/bin/../jre/lib/amd64;U:\tools\org\EasyPHP-DevServer\13.1VC11\binaries\php\php_runningversion;u:\tools\org\EasyPHP-DevServer\13.1VC11\binaries\php\php_runningversion;U:\tools\com\jdk\jdk1.7.0\bin;C:\Program Files (x86)\NVIDIA Corporation\PhysX\Common;C:\Windows\system32;C:\Windows;C:\Windows\System32\Wbem;C:\Windows\System32\WindowsPowerShell\v1.0\;C:\Program Files\TortoiseSVN\bin;U:\eclipse\apache-maven-3.0.4\bin;u:\Program Files (x86)\Groovy\Groovy-1.7.5\bin;U:\tools\org\play\play-2.1.1;U:\Program Files (x86)\Mozilla Firefox;U:\tools\com\jdk\jdk1.7.0\bin;C:\Program Files (x86)\QuickTime\QTSystem\;C:\Program Files (x86)\GNU\GnuPG\pub;U:\Program Files (x86)\Sikuli\libs;U:\tools\com\jdk\jdk1.7.0\bin;U:\tools\org\eclipse\eclipse-java-juno-SR2-win32-x86_64\eclipse;;."/>
    <property name="java.specification.name" value="Java Platform API Specification"/>
    <property name="java.class.version" value="51.0"/>
    <property name="sun.management.compiler" value="HotSpot 64-Bit Tiered Compilers"/>
    <property name="os.version" value="6.1"/>
    <property name="user.home" value="C:\Users\Yannick"/>
    <property name="user.timezone" value="Europe/Paris"/>
    <property name="java.awt.printerjob" value="sun.awt.windows.WPrinterJob"/>
    <property name="java.specification.version" value="1.7"/>
    <property name="file.encoding" value="Cp1252"/>
    <property name="user.name" value="Yannick"/>
    <property name="java.class.path" value="/U:/tools/org/eclipse/eclipse-java-juno-SR2-win32-x86_64/eclipse/configuration/org.eclipse.osgi/bundles/239/1/.cp/jars/plexus-classworlds-2.4.jar"/>
    <property name="java.vm.specification.version" value="1.7"/>
    <property name="sun.arch.data.model" value="64"/>
    <property name="java.home" value="U:\tools\com\jdk\jdk1.7.0\jre"/>
    <property name="sun.java.command" value="org.codehaus.plexus.classworlds.launcher.Launcher -B -s C:\Users\Yannick\.m2\settings.xml install"/>
    <property name="java.specification.vendor" value="Oracle Corporation"/>
    <property name="user.language" value="fr"/>
    <property name="awt.toolkit" value="sun.awt.windows.WToolkit"/>
    <property name="java.vm.info" value="mixed mode"/>
    <property name="java.version" value="1.7.0"/>
    <property name="java.ext.dirs" value="U:\tools\com\jdk\jdk1.7.0\jre\lib\ext;C:\Windows\Sun\Java\lib\ext"/>
    <property name="sun.boot.class.path" value="U:\tools\com\jdk\jdk1.7.0\jre\lib\resources.jar;U:\tools\com\jdk\jdk1.7.0\jre\lib\rt.jar;U:\tools\com\jdk\jdk1.7.0\jre\lib\sunrsasign.jar;U:\tools\com\jdk\jdk1.7.0\jre\lib\jsse.jar;U:\tools\com\jdk\jdk1.7.0\jre\lib\jce.jar;U:\tools\com\jdk\jdk1.7.0\jre\lib\charsets.jar;U:\tools\com\jdk\jdk1.7.0\jre\classes"/>
    <property name="java.vendor" value="Oracle Corporation"/>
    <property name="maven.home" value="C:\Users\Yannick\git\rocksmith-tools\rocksmith-tools\EMBEDDED"/>
    <property name="file.separator" value="\"/>
    <property name="java.vendor.url.bug" value="http://bugreport.sun.com/bugreport/"/>
    <property name="sun.cpu.endian" value="little"/>
    <property name="sun.io.unicode.encoding" value="UnicodeLittle"/>
    <property name="sun.desktop" value="windows"/>
    <property name="sun.cpu.isalist" value="amd64"/>
  </properties>
  <testcase time="0.008" classname="org.yroffin.rocksmith.core.SimpleTest" name="test"/>
</testsuite>